p/im216.jpg 1 0 0 220 220
p/im215.jpg 1 0 0 220 220
p/im214.jpg 1 0 0 220 220
p/im213.jpg 1 0 0 220 220
p/im212.jpg 1 0 0 220 220
p/im211.jpg 1 0 0 220 220
p/im210.jpg 1 0 0 220 220
p/im209.jpg 1 0 0 220 220
p/im208.jpg 1 0 0 220 220
p/im207.jpg 1 0 0 220 220
p/im206.jpg 1 0 0 220 220
p/im205.jpg 1 0 0 220 220
p/im204.jpg 1 0 0 220 220
p/im203.jpg 1 0 0 220 220
p/im202.jpg 1 0 0 220 220
p/im201.jpg 1 0 0 220 220
p/im200.jpg 1 0 0 220 220
p/im199.jpg 1 0 0 220 220
p/im198.jpg 1 0 0 220 220
p/im197.jpg 1 0 0 220 220
p/im196.jpg 1 0 0 220 220
p/im195.jpg 1 0 0 220 220
p/im194.jpg 1 0 0 220 220
p/im193.jpg 1 0 0 220 220
p/im192.jpg 1 0 0 220 220
p/im191.jpg 1 0 0 220 220
p/im190.jpg 1 0 0 220 220
p/im189.jpg 1 0 0 220 220
p/im188.jpg 1 0 0 220 220
p/im187.jpg 1 0 0 220 220
p/im186.jpg 1 0 0 220 220
p/im185.jpg 1 0 0 220 220
p/im184.jpg 1 0 0 220 220
p/im183.jpg 1 0 0 220 220
p/im182.jpg 1 0 0 220 220
p/im181.jpg 1 0 0 220 220
p/im180.jpg 1 0 0 220 220
p/im179.jpg 1 0 0 220 220
p/im178.jpg 1 0 0 220 220
p/im177.jpg 1 0 0 220 220
p/im176.jpg 1 0 0 220 220
p/im175.jpg 1 0 0 220 220
p/im174.jpg 1 0 0 220 220
p/im173.jpg 1 0 0 220 220
p/im172.jpg 1 0 0 220 220
p/im171.jpg 1 0 0 220 220
p/im170.jpg 1 0 0 220 220
p/im169.jpg 1 0 0 220 220
p/im168.jpg 1 0 0 220 220
p/im167.jpg 1 0 0 220 220
p/im166.jpg 1 0 0 220 220
p/im165.jpg 1 0 0 220 220
p/im164.jpg 1 0 0 220 220
p/im163.jpg 1 0 0 220 220
p/im162.jpg 1 0 0 220 220
p/im161.jpg 1 0 0 220 220
p/im160.jpg 1 0 0 220 220
p/im159.jpg 1 0 0 220 220
p/im158.jpg 1 0 0 220 220
p/im157.jpg 1 0 0 220 220
p/im156.jpg 1 0 0 220 220
p/im155.jpg 1 0 0 220 220
p/im154.jpg 1 0 0 220 220
p/im153.jpg 1 0 0 220 220
p/im152.jpg 1 0 0 220 220
p/im151.jpg 1 0 0 220 220
p/im150.jpg 1 0 0 220 220
p/im149.jpg 1 0 0 220 220
p/im148.jpg 1 0 0 220 220
p/im147.jpg 1 0 0 220 220
p/im146.jpg 1 0 0 220 220
p/im145.jpg 1 0 0 220 220
p/im144.jpg 1 0 0 220 220
p/im143.jpg 1 0 0 220 220
p/im142.jpg 1 0 0 220 220
p/im141.jpg 1 0 0 220 220
p/im140.jpg 1 0 0 220 220
p/im139.jpg 1 0 0 220 220
p/im138.jpg 1 0 0 220 220
p/im137.jpg 1 0 0 220 220
p/im136.jpg 1 0 0 220 220
p/im135.jpg 1 0 0 220 220
p/im134.jpg 1 0 0 220 220
p/im133.jpg 1 0 0 220 220
p/im132.jpg 1 0 0 220 220
p/im131.jpg 1 0 0 220 220
p/im130.jpg 1 0 0 220 220
p/im129.jpg 1 0 0 220 220
p/im128.jpg 1 0 0 220 220
p/im127.jpg 1 0 0 220 220
p/im126.jpg 1 0 0 220 220
p/im125.jpg 1 0 0 220 220
p/im124.jpg 1 0 0 220 220
p/im123.jpg 1 0 0 220 220
p/im122.jpg 1 0 0 220 220
p/im121.jpg 1 0 0 220 220
p/im120.jpg 1 0 0 220 220
p/im119.jpg 1 0 0 220 220
p/im118.jpg 1 0 0 220 220
p/im117.jpg 1 0 0 220 220
p/im116.jpg 1 0 0 220 220
p/im115.jpg 1 0 0 220 220
p/im114.jpg 1 0 0 220 220
p/im113.jpg 1 0 0 220 220
p/im112.jpg 1 0 0 220 220
p/im111.jpg 1 0 0 220 220
p/im110.jpg 1 0 0 220 220
p/im109.jpg 1 0 0 220 220
p/im108.jpg 1 0 0 220 220
p/im107.jpg 1 0 0 220 220
p/im106.jpg 1 0 0 220 220
p/im105.jpg 1 0 0 220 220
p/im104.jpg 1 0 0 220 220
p/im103.jpg 1 0 0 220 220
p/im102.jpg 1 0 0 220 220
p/im101.jpg 1 0 0 220 220
p/im100.jpg 1 0 0 220 220
p/im99.jpg 1 0 0 220 220
p/im98.jpg 1 0 0 220 220
p/im97.jpg 1 0 0 220 220
p/im96.jpg 1 0 0 220 220
p/im95.jpg 1 0 0 220 220
p/im94.jpg 1 0 0 220 220
p/im93.jpg 1 0 0 220 220
p/im92.jpg 1 0 0 220 220
p/im91.jpg 1 0 0 220 220
p/im90.jpg 1 0 0 220 220
p/im89.jpg 1 0 0 220 220
p/im88.jpg 1 0 0 220 220
p/im87.jpg 1 0 0 220 220
p/im86.jpg 1 0 0 220 220
p/im85.jpg 1 0 0 220 220
p/im84.jpg 1 0 0 220 220
p/im83.jpg 1 0 0 220 220
p/im82.jpg 1 0 0 220 220
p/im81.jpg 1 0 0 220 220
p/im80.jpg 1 0 0 220 220
p/im79.jpg 1 0 0 220 220
p/im78.jpg 1 0 0 220 220
p/im77.jpg 1 0 0 220 220
p/im76.jpg 1 0 0 220 220
p/im75.jpg 1 0 0 220 220
p/im74.jpg 1 0 0 220 220
p/im73.jpg 1 0 0 220 220
p/im72.jpg 1 0 0 220 220
p/im71.jpg 1 0 0 220 220
p/im70.jpg 1 0 0 220 220
p/im69.jpg 1 0 0 220 220
p/im68.jpg 1 0 0 220 220
p/im67.jpg 1 0 0 220 220
p/im66.jpg 1 0 0 220 220
p/im65.jpg 1 0 0 220 220
p/im64.jpg 1 0 0 220 220
p/im63.jpg 1 0 0 220 220
p/im62.jpg 1 0 0 220 220
p/im61.jpg 1 0 0 220 220
p/im60.jpg 1 0 0 220 220
p/im59.jpg 1 0 0 220 220
p/im58.jpg 1 0 0 220 220
p/im57.jpg 1 0 0 220 220
p/im56.jpg 1 0 0 220 220
p/im55.jpg 1 0 0 220 220
p/im54.jpg 1 0 0 220 220
p/im53.jpg 1 0 0 220 220
p/im52.jpg 1 0 0 220 220
p/im51.jpg 1 0 0 220 220
p/im50.jpg 1 0 0 220 220
p/im49.jpg 1 0 0 220 220
p/im48.jpg 1 0 0 220 220
p/im47.jpg 1 0 0 220 220
p/im46.jpg 1 0 0 220 220
p/im45.jpg 1 0 0 220 220
p/im44.jpg 1 0 0 220 220
p/im43.jpg 1 0 0 220 220
p/im42.jpg 1 0 0 220 220
p/im41.jpg 1 0 0 220 220
p/im40.jpg 1 0 0 220 220
p/im39.jpg 1 0 0 220 220
p/im38.jpg 1 0 0 220 220
p/im37.jpg 1 0 0 220 220
p/im36.jpg 1 0 0 220 220
p/im35.jpg 1 0 0 220 220
p/im34.jpg 1 0 0 220 220
p/im33.jpg 1 0 0 220 220
p/im32.jpg 1 0 0 220 220
p/im31.jpg 1 0 0 220 220
p/im30.jpg 1 0 0 220 220
p/im29.jpg 1 0 0 220 220
p/im28.jpg 1 0 0 220 220
p/im27.jpg 1 0 0 220 220
p/im26.jpg 1 0 0 220 220
p/im25.jpg 1 0 0 220 220
p/im24.jpg 1 0 0 220 220
p/im23.jpg 1 0 0 220 220
p/im22.jpg 1 0 0 220 220
p/im21.jpg 1 0 0 220 220
p/im20.jpg 1 0 0 220 220
p/im19.jpg 1 0 0 220 220
p/im18.jpg 1 0 0 220 220
p/im17.jpg 1 0 0 220 220
p/im16.jpg 1 0 0 220 220
p/im15.jpg 1 0 0 220 220
p/im14.jpg 1 0 0 220 220
p/im13.jpg 1 0 0 220 220
p/im12.jpg 1 0 0 220 220
p/im11.jpg 1 0 0 220 220
p/im10.jpg 1 0 0 220 220
p/im9.jpg 1 0 0 220 220
p/im8.jpg 1 0 0 220 220
p/im7.jpg 1 0 0 220 220
p/im6.jpg 1 0 0 220 220
p/im5.jpg 1 0 0 220 220
p/im4.jpg 1 0 0 220 220
p/im3.jpg 1 0 0 220 220
p/im2.jpg 1 0 0 220 220
p/im1.jpg 1 0 0 220 220